app/build/intermediates/manifest_merge_blame_file/release/manifest-merger-blame-release-report.txt
1<?xml version="1.0" encoding="utf-8"?>
2<manifest xmlns:android="http://schemas.android.com/apk/res/android"
3    package="com.is2.theweather"
4    android:versionCode="1"
5    android:versionName="1.0" >
6
7    <uses-sdk
8        android:minSdkVersion="14"
8-->src/main/AndroidManifest.xml
9        android:targetSdkVersion="29" />
9-->src/main/AndroidManifest.xml
10
11    <uses-permission android:name="android.permission.INTERNET" />
11-->src/main/AndroidManifest.xml:5:5-67
11-->src/main/AndroidManifest.xml:5:22-64
12
13    <application
13-->src/main/AndroidManifest.xml:7:5-36:19
14        android:allowBackup="true"
14-->src/main/AndroidManifest.xml:8:9-35
15        android:appComponentFactory="androidx.core.app.CoreComponentFactory"
15-->[androidx.core:core:1.1.0] AndroidManifest.xml:24:18-86
16        android:icon="@mipmap/ic_launcher"
16-->src/main/AndroidManifest.xml:9:9-43
17        android:label="@string/app_name"
17-->src/main/AndroidManifest.xml:10:9-41
18        android:roundIcon="@mipmap/ic_launcher_round"
18-->src/main/AndroidManifest.xml:11:9-54
19        android:supportsRtl="true"
19-->src/main/AndroidManifest.xml:12:9-35
20        android:theme="@style/AppTheme"
20-->src/main/AndroidManifest.xml:14:9-40
21        android:usesCleartextTraffic="true" >
21-->src/main/AndroidManifest.xml:13:9-44
22        <activity android:name="com.is2.theweather.MainActivity" >
22-->src/main/AndroidManifest.xml:15:9-21:20
22-->src/main/AndroidManifest.xml:15:19-47
23            <intent-filter>
23-->src/main/AndroidManifest.xml:16:13-20:29
24                <action android:name="android.intent.action.MAIN" />
24-->src/main/AndroidManifest.xml:17:17-69
24-->src/main/AndroidManifest.xml:17:25-66
25
26                <category android:name="android.intent.category.LAUNCHER" />
26-->src/main/AndroidManifest.xml:19:17-77
26-->src/main/AndroidManifest.xml:19:27-74
27            </intent-filter>
28        </activity>
29        <activity
29-->src/main/AndroidManifest.xml:22:9-28:20
30            android:name="com.is2.theweather.SecondActivity"
30-->src/main/AndroidManifest.xml:22:19-49
31            android:label="Do you want to share?"
31-->src/main/AndroidManifest.xml:23:13-52
32            android:parentActivityName="com.is2.theweather.MainActivity" >
32-->src/main/AndroidManifest.xml:24:13-55
33            <meta-data
33-->src/main/AndroidManifest.xml:25:13-27:49
34                android:name="android.support.PARENT_ACTIVITY"
34-->src/main/AndroidManifest.xml:26:17-63
35                android:value=".MainActivity" />
35-->src/main/AndroidManifest.xml:27:17-46
36        </activity>
37        <activity
37-->src/main/AndroidManifest.xml:29:9-35:20
38            android:name="com.is2.theweather.InfoActivity"
38-->src/main/AndroidManifest.xml:29:19-47
39            android:label="About this app"
39-->src/main/AndroidManifest.xml:30:13-45
40            android:parentActivityName="com.is2.theweather.MainActivity" >
40-->src/main/AndroidManifest.xml:31:13-55
41            <meta-data
41-->src/main/AndroidManifest.xml:25:13-27:49
42                android:name="android.support.PARENT_ACTIVITY"
42-->src/main/AndroidManifest.xml:26:17-63
43                android:value=".MainActivity" />
43-->src/main/AndroidManifest.xml:27:17-46
44        </activity>
45    </application>
46
47</manifest>